<?xml version="1.0" encoding="UTF-8"?>
<testsuite xmlns:xsi="http://www.w3.org/2001/XMLSchema-instance" xsi:noNamespaceSchemaLocation="https://maven.apache.org/surefire/maven-surefire-plugin/xsd/surefire-test-report.xsd" name="com.ifrn.triangulos.TrianguloTest" time="0.1" tests="5" errors="0" skipped="0" failures="2">
  <properties>
[...]
</properties>
  <testcase name="equilatero" classname="com.ifrn.triangulos.TrianguloTest" time="0.017">
    <failure message="expected:&lt;true&gt; but was:&lt;false&gt;" type="java.lang.AssertionError"><![CDATA[java.lang.AssertionError: expected:<true> but was:<false>
	at com.ifrn.triangulos.TrianguloTest.equilatero(TrianguloTest.java:91)
]]></failure>
  </testcase>
  <testcase name="triangulo" classname="com.ifrn.triangulos.TrianguloTest" time="0">
    <failure message="expected:&lt;true&gt; but was:&lt;false&gt;" type="java.lang.AssertionError"><![CDATA[java.lang.AssertionError: expected:<true> but was:<false>
	at com.ifrn.triangulos.TrianguloTest.triangulo(TrianguloTest.java:36)
]]></failure>
  </testcase>
  <testcase name="maiorLado" classname="com.ifrn.triangulos.TrianguloTest" time="0.001"/>
  <testcase name="isoceles" classname="com.ifrn.triangulos.TrianguloTest" time="0.005"/>
  <testcase name="escaleno" classname="com.ifrn.triangulos.TrianguloTest" time="0"/>
</testsuite>